[2023-06-20 19:11:24.565] [STULU] [info] Added file sink: D:\stulu\dev\SEngine\Projects\DebugProject/logs/2023-06-20_19-11-24.log
[2023-06-20 19:11:24.577] [APP] [trace] Loading all Fonts from D:\stulu\dev\SEngine\Engine\Build\Debug-windows-x86_64/Editor/Fonts/
[2023-06-20 19:11:24.595] [APP] [trace] Loaded Editor style config from D:\stulu\dev\SEngine\Projects\DebugProject\config/editor-style.ini
[2023-06-20 19:11:24.625] [STULU] [info] Compiling D:\stulu\dev\SEngine\Projects\DebugProject\data/EdiorProjectAssembly.dll
[2023-06-20 19:11:25.389] [STULU] [info] Compiling finished
[2023-06-20 19:11:25.549] [STULU] [info] Loading Assembly: Data/Managed/Stulu.ScriptCore.dll
[2023-06-20 19:11:25.549] [STULU] [info] Loading Assembly finished
[2023-06-20 19:11:25.550] [STULU] [info] Loading Assembly: D:\stulu\dev\SEngine\Projects\DebugProject\data/EdiorProjectAssembly.dll
[2023-06-20 19:11:25.551] [STULU] [info] Loading Assembly finished
[2023-06-20 19:11:25.553] [APP] [info] Loading Editor Bindings
[2023-06-20 19:11:25.553] [APP] [info] Finished Loading Editor Bindings
[2023-06-20 19:11:25.553] [APP] [info] Loading all Project assets from: D:\stulu\dev\SEngine\Projects\DebugProject\assets
[2023-06-20 19:11:25.553] [STULU] [trace] Loading all files from directory: D:\stulu\dev\SEngine\Projects\DebugProject\assets
[2023-06-20 19:11:25.553] [STULU] [trace] Loading Shaders: D:\stulu\dev\SEngine\Projects\DebugProject\assets
[2023-06-20 19:11:25.553] [STULU] [trace] Loading Shaders: D:\stulu\dev\SEngine\Projects\DebugProject\assets\Materials
[2023-06-20 19:11:25.554] [STULU] [trace] Loading Shaders: D:\stulu\dev\SEngine\Projects\DebugProject\assets\models
[2023-06-20 19:11:25.554] [STULU] [trace] Loading Shaders: D:\stulu\dev\SEngine\Projects\DebugProject\assets\models\gun
[2023-06-20 19:11:25.554] [STULU] [trace] Loading Shaders: D:\stulu\dev\SEngine\Projects\DebugProject\assets\models\Lightsaber
[2023-06-20 19:11:25.554] [STULU] [trace] Loading Shaders: D:\stulu\dev\SEngine\Projects\DebugProject\assets\models\senna
[2023-06-20 19:11:25.554] [STULU] [trace] Loading Shaders: D:\stulu\dev\SEngine\Projects\DebugProject\assets\models\sponza
[2023-06-20 19:11:25.555] [STULU] [trace] Loading Shaders: D:\stulu\dev\SEngine\Projects\DebugProject\assets\models\sponza\textures_pbr
[2023-06-20 19:11:25.556] [STULU] [trace] Loading Shaders: D:\stulu\dev\SEngine\Projects\DebugProject\assets\scenes
[2023-06-20 19:11:25.556] [STULU] [trace] Loading Shaders: D:\stulu\dev\SEngine\Projects\DebugProject\assets\Scripts
[2023-06-20 19:11:25.556] [STULU] [trace] Loading Shaders: D:\stulu\dev\SEngine\Projects\DebugProject\assets\skybox
[2023-06-20 19:11:25.557] [STULU] [trace] Loading Shaders: D:\stulu\dev\SEngine\Projects\DebugProject\assets\textures
[2023-06-20 19:11:25.557] [STULU] [trace] Loading Shaders: D:\stulu\dev\SEngine\Projects\DebugProject\assets\textures\cerberus
[2023-06-20 19:11:25.557] [STULU] [trace] Loading Shaders: D:\stulu\dev\SEngine\Projects\DebugProject\assets\textures\Engine Logo
[2023-06-20 19:11:25.557] [STULU] [trace] Loading Textures: D:\stulu\dev\SEngine\Projects\DebugProject\assets
[2023-06-20 19:11:25.558] [STULU] [trace] Loading Textures: D:\stulu\dev\SEngine\Projects\DebugProject\assets\Materials
[2023-06-20 19:11:25.558] [STULU] [trace] Loading Textures: D:\stulu\dev\SEngine\Projects\DebugProject\assets\models
[2023-06-20 19:11:25.558] [STULU] [trace] Loading Textures: D:\stulu\dev\SEngine\Projects\DebugProject\assets\models\gun
[2023-06-20 19:11:25.558] [STULU] [trace] Loading Textures: D:\stulu\dev\SEngine\Projects\DebugProject\assets\models\Lightsaber
[2023-06-20 19:11:25.559] [STULU] [trace] Loading Textures: D:\stulu\dev\SEngine\Projects\DebugProject\assets\models\senna
[2023-06-20 19:11:25.559] [STULU] [trace] Loading Textures: D:\stulu\dev\SEngine\Projects\DebugProject\assets\models\sponza
[2023-06-20 19:11:25.763] [STULU] [trace] Loading Textures: D:\stulu\dev\SEngine\Projects\DebugProject\assets\models\sponza\textures_pbr
[2023-06-20 19:11:27.948] [STULU] [trace] Loading Textures: D:\stulu\dev\SEngine\Projects\DebugProject\assets\models\sponza\textures_pbr
[2023-06-20 19:11:28.024] [STULU] [trace] Loading Textures: D:\stulu\dev\SEngine\Projects\DebugProject\assets\models\gun
[2023-06-20 19:11:28.024] [STULU] [trace] Loading Textures: D:\stulu\dev\SEngine\Projects\DebugProject\assets\models\Lightsaber
[2023-06-20 19:11:28.025] [STULU] [trace] Loading Textures: D:\stulu\dev\SEngine\Projects\DebugProject\assets\models\senna
[2023-06-20 19:11:28.025] [STULU] [trace] Loading Textures: D:\stulu\dev\SEngine\Projects\DebugProject\assets\models\sponza
[2023-06-20 19:11:28.031] [STULU] [trace] Loading Textures: D:\stulu\dev\SEngine\Projects\DebugProject\assets\models\sponza\textures_pbr
[2023-06-20 19:11:28.116] [STULU] [trace] Loading Textures: D:\stulu\dev\SEngine\Projects\DebugProject\assets\models\sponza\textures_pbr
[2023-06-20 19:11:28.200] [STULU] [trace] Loading Textures: D:\stulu\dev\SEngine\Projects\DebugProject\assets\scenes
[2023-06-20 19:11:28.201] [STULU] [trace] Loading Textures: D:\stulu\dev\SEngine\Projects\DebugProject\assets\Scripts
[2023-06-20 19:11:28.201] [STULU] [trace] Loading Textures: D:\stulu\dev\SEngine\Projects\DebugProject\assets\skybox
[2023-06-20 19:11:29.848] [STULU] [warning] [OPENGL][Debug] Program/shader state performance warning: Vertex shader in program 7 is being recompiled based on GL state.
[2023-06-20 19:11:30.071] [STULU] [trace] Loading Textures: D:\stulu\dev\SEngine\Projects\DebugProject\assets\textures
[2023-06-20 19:11:30.072] [STULU] [trace] Loading Textures: D:\stulu\dev\SEngine\Projects\DebugProject\assets\textures\cerberus
[2023-06-20 19:11:32.406] [STULU] [trace] Loading Textures: D:\stulu\dev\SEngine\Projects\DebugProject\assets\textures\Engine Logo
[2023-06-20 19:11:32.502] [STULU] [trace] Loading Textures: D:\stulu\dev\SEngine\Projects\DebugProject\assets\textures\cerberus
[2023-06-20 19:11:32.507] [STULU] [trace] Loading Textures: D:\stulu\dev\SEngine\Projects\DebugProject\assets\textures\Engine Logo
[2023-06-20 19:11:32.511] [STULU] [trace] Loading Textures: D:\stulu\dev\SEngine\Projects\DebugProject\assets\Materials
[2023-06-20 19:11:32.512] [STULU] [trace] Loading Textures: D:\stulu\dev\SEngine\Projects\DebugProject\assets\models
[2023-06-20 19:11:32.512] [STULU] [trace] Loading Textures: D:\stulu\dev\SEngine\Projects\DebugProject\assets\models\gun
[2023-06-20 19:11:32.512] [STULU] [trace] Loading Textures: D:\stulu\dev\SEngine\Projects\DebugProject\assets\models\Lightsaber
[2023-06-20 19:11:32.513] [STULU] [trace] Loading Textures: D:\stulu\dev\SEngine\Projects\DebugProject\assets\models\senna
[2023-06-20 19:11:32.513] [STULU] [trace] Loading Textures: D:\stulu\dev\SEngine\Projects\DebugProject\assets\models\sponza
[2023-06-20 19:11:32.518] [STULU] [trace] Loading Textures: D:\stulu\dev\SEngine\Projects\DebugProject\assets\models\sponza\textures_pbr
[2023-06-20 19:11:32.596] [STULU] [trace] Loading Textures: D:\stulu\dev\SEngine\Projects\DebugProject\assets\models\sponza\textures_pbr
[2023-06-20 19:11:32.670] [STULU] [trace] Loading Textures: D:\stulu\dev\SEngine\Projects\DebugProject\assets\models\gun
[2023-06-20 19:11:32.671] [STULU] [trace] Loading Textures: D:\stulu\dev\SEngine\Projects\DebugProject\assets\models\Lightsaber
[2023-06-20 19:11:32.671] [STULU] [trace] Loading Textures: D:\stulu\dev\SEngine\Projects\DebugProject\assets\models\senna
[2023-06-20 19:11:32.672] [STULU] [trace] Loading Textures: D:\stulu\dev\SEngine\Projects\DebugProject\assets\models\sponza
[2023-06-20 19:11:32.676] [STULU] [trace] Loading Textures: D:\stulu\dev\SEngine\Projects\DebugProject\assets\models\sponza\textures_pbr
[2023-06-20 19:11:32.753] [STULU] [trace] Loading Textures: D:\stulu\dev\SEngine\Projects\DebugProject\assets\models\sponza\textures_pbr
[2023-06-20 19:11:32.829] [STULU] [trace] Loading Textures: D:\stulu\dev\SEngine\Projects\DebugProject\assets\scenes
[2023-06-20 19:11:32.830] [STULU] [trace] Loading Textures: D:\stulu\dev\SEngine\Projects\DebugProject\assets\Scripts
[2023-06-20 19:11:32.830] [STULU] [trace] Loading Textures: D:\stulu\dev\SEngine\Projects\DebugProject\assets\skybox
[2023-06-20 19:11:32.832] [STULU] [trace] Loading Textures: D:\stulu\dev\SEngine\Projects\DebugProject\assets\textures
[2023-06-20 19:11:32.832] [STULU] [trace] Loading Textures: D:\stulu\dev\SEngine\Projects\DebugProject\assets\textures\cerberus
[2023-06-20 19:11:32.838] [STULU] [trace] Loading Textures: D:\stulu\dev\SEngine\Projects\DebugProject\assets\textures\Engine Logo
[2023-06-20 19:11:32.842] [STULU] [trace] Loading Textures: D:\stulu\dev\SEngine\Projects\DebugProject\assets\textures\cerberus
[2023-06-20 19:11:32.847] [STULU] [trace] Loading Textures: D:\stulu\dev\SEngine\Projects\DebugProject\assets\textures\Engine Logo
[2023-06-20 19:11:32.851] [STULU] [trace] Loading Material: D:\stulu\dev\SEngine\Projects\DebugProject\assets
[2023-06-20 19:11:32.851] [STULU] [trace] Loading Material: D:\stulu\dev\SEngine\Projects\DebugProject\assets\Materials
[2023-06-20 19:11:32.880] [STULU] [trace] Loading Material: D:\stulu\dev\SEngine\Projects\DebugProject\assets\models
[2023-06-20 19:11:32.880] [STULU] [trace] Loading Material: D:\stulu\dev\SEngine\Projects\DebugProject\assets\models\gun
[2023-06-20 19:11:32.889] [STULU] [trace] Loading Material: D:\stulu\dev\SEngine\Projects\DebugProject\assets\models\Lightsaber
[2023-06-20 19:11:32.889] [STULU] [trace] Loading Material: D:\stulu\dev\SEngine\Projects\DebugProject\assets\models\senna
[2023-06-20 19:11:32.889] [STULU] [trace] Loading Material: D:\stulu\dev\SEngine\Projects\DebugProject\assets\models\sponza
[2023-06-20 19:11:32.890] [STULU] [trace] Loading Material: D:\stulu\dev\SEngine\Projects\DebugProject\assets\models\sponza\textures_pbr
[2023-06-20 19:11:32.891] [STULU] [trace] Loading Material: D:\stulu\dev\SEngine\Projects\DebugProject\assets\scenes
[2023-06-20 19:11:32.891] [STULU] [trace] Loading Material: D:\stulu\dev\SEngine\Projects\DebugProject\assets\Scripts
[2023-06-20 19:11:32.891] [STULU] [trace] Loading Material: D:\stulu\dev\SEngine\Projects\DebugProject\assets\skybox
[2023-06-20 19:11:32.891] [STULU] [trace] Loading Material: D:\stulu\dev\SEngine\Projects\DebugProject\assets\textures
[2023-06-20 19:11:32.891] [STULU] [trace] Loading Material: D:\stulu\dev\SEngine\Projects\DebugProject\assets\textures\cerberus
[2023-06-20 19:11:32.892] [STULU] [trace] Loading Material: D:\stulu\dev\SEngine\Projects\DebugProject\assets\textures\Engine Logo
[2023-06-20 19:11:32.901] [STULU] [trace] Loading Files: D:\stulu\dev\SEngine\Projects\DebugProject\assets
[2023-06-20 19:11:32.904] [STULU] [trace] Loading Files: D:\stulu\dev\SEngine\Projects\DebugProject\assets\Materials
[2023-06-20 19:11:32.910] [STULU] [trace] Loading Files: D:\stulu\dev\SEngine\Projects\DebugProject\assets\models
[2023-06-20 19:11:32.913] [STULU] [trace] Loading Files: D:\stulu\dev\SEngine\Projects\DebugProject\assets\models\gun
[2023-06-20 19:11:33.790] [STULU] [trace] Loading Files: D:\stulu\dev\SEngine\Projects\DebugProject\assets\models\Lightsaber
[2023-06-20 19:11:35.175] [STULU] [trace] Loading Files: D:\stulu\dev\SEngine\Projects\DebugProject\assets\models\senna
[2023-06-20 19:11:40.813] [STULU] [trace] Loading Files: D:\stulu\dev\SEngine\Projects\DebugProject\assets\models\sponza
[2023-06-20 19:11:47.498] [STULU] [trace] Loading Files: D:\stulu\dev\SEngine\Projects\DebugProject\assets\models\sponza\textures_pbr
[2023-06-20 19:11:47.584] [STULU] [trace] Loading Files: D:\stulu\dev\SEngine\Projects\DebugProject\assets\scenes
[2023-06-20 19:11:47.604] [STULU] [trace] Loading Files: D:\stulu\dev\SEngine\Projects\DebugProject\assets\Scripts
[2023-06-20 19:11:47.612] [STULU] [trace] Loading Files: D:\stulu\dev\SEngine\Projects\DebugProject\assets\skybox
[2023-06-20 19:11:47.616] [STULU] [trace] Loading Files: D:\stulu\dev\SEngine\Projects\DebugProject\assets\textures
[2023-06-20 19:11:47.620] [STULU] [trace] Loading Files: D:\stulu\dev\SEngine\Projects\DebugProject\assets\textures\cerberus
[2023-06-20 19:11:47.630] [STULU] [trace] Loading Files: D:\stulu\dev\SEngine\Projects\DebugProject\assets\textures\Engine Logo
[2023-06-20 19:11:47.636] [APP] [trace] New Scene loaded
[2023-06-20 19:11:47.667] [APP] [trace] Opened Scene D:\stulu\dev\SEngine\Projects\DebugProject\assets\scenes\Terrain.scene
[2023-06-20 19:11:47.667] [APP] [trace] Loaded Editor panel config from D:\stulu\dev\SEngine\Projects\DebugProject\config/editor-panel-config.ini
[2023-06-20 19:11:47.667] [APP] [trace] Loaded Editor Camera config from D:\stulu\dev\SEngine\Projects\DebugProject\config/editor-camera-config.ini
