[2023-06-20 19:16:18.347] [STULU] [info] Added file sink: D:\stulu\dev\SEngine\Projects\DebugProject/logs/2023-06-20_19-16-18.log
[2023-06-20 19:16:18.355] [APP] [trace] Loading all Fonts from D:\stulu\dev\SEngine\Engine\Build\Debug-windows-x86_64/Editor/Fonts/
[2023-06-20 19:16:18.372] [APP] [trace] Loaded Editor style config from D:\stulu\dev\SEngine\Projects\DebugProject\config/editor-style.ini
[2023-06-20 19:16:18.422] [STULU] [info] Compiling D:\stulu\dev\SEngine\Projects\DebugProject\data/EdiorProjectAssembly.dll
[2023-06-20 19:16:19.001] [STULU] [info] Compiling finished
[2023-06-20 19:16:19.151] [STULU] [info] Loading Assembly: Data/Managed/Stulu.ScriptCore.dll
[2023-06-20 19:16:19.152] [STULU] [info] Loading Assembly finished
[2023-06-20 19:16:19.152] [STULU] [info] Loading Assembly: D:\stulu\dev\SEngine\Projects\DebugProject\data/EdiorProjectAssembly.dll
[2023-06-20 19:16:19.153] [STULU] [info] Loading Assembly finished
[2023-06-20 19:16:19.188] [APP] [info] Loading Editor Bindings
[2023-06-20 19:16:19.188] [APP] [info] Finished Loading Editor Bindings
[2023-06-20 19:16:19.188] [APP] [info] Loading all Project assets from: D:\stulu\dev\SEngine\Projects\DebugProject\assets
[2023-06-20 19:16:19.188] [STULU] [trace] Loading all files from directory: D:\stulu\dev\SEngine\Projects\DebugProject\assets
[2023-06-20 19:16:19.188] [STULU] [trace] Loading Shaders: D:\stulu\dev\SEngine\Projects\DebugProject\assets
[2023-06-20 19:16:19.189] [STULU] [trace] Loading Shaders: D:\stulu\dev\SEngine\Projects\DebugProject\assets\Materials
[2023-06-20 19:16:19.189] [STULU] [trace] Loading Shaders: D:\stulu\dev\SEngine\Projects\DebugProject\assets\models
[2023-06-20 19:16:19.189] [STULU] [trace] Loading Shaders: D:\stulu\dev\SEngine\Projects\DebugProject\assets\models\gun
[2023-06-20 19:16:19.189] [STULU] [trace] Loading Shaders: D:\stulu\dev\SEngine\Projects\DebugProject\assets\models\Lightsaber
[2023-06-20 19:16:19.190] [STULU] [trace] Loading Shaders: D:\stulu\dev\SEngine\Projects\DebugProject\assets\models\senna
[2023-06-20 19:16:19.190] [STULU] [trace] Loading Shaders: D:\stulu\dev\SEngine\Projects\DebugProject\assets\models\sponza
[2023-06-20 19:16:19.190] [STULU] [trace] Loading Shaders: D:\stulu\dev\SEngine\Projects\DebugProject\assets\models\sponza\textures_pbr
[2023-06-20 19:16:19.191] [STULU] [trace] Loading Shaders: D:\stulu\dev\SEngine\Projects\DebugProject\assets\scenes
[2023-06-20 19:16:19.192] [STULU] [trace] Loading Shaders: D:\stulu\dev\SEngine\Projects\DebugProject\assets\Scripts
[2023-06-20 19:16:19.192] [STULU] [trace] Loading Shaders: D:\stulu\dev\SEngine\Projects\DebugProject\assets\skybox
[2023-06-20 19:16:19.192] [STULU] [trace] Loading Shaders: D:\stulu\dev\SEngine\Projects\DebugProject\assets\textures
[2023-06-20 19:16:19.192] [STULU] [trace] Loading Shaders: D:\stulu\dev\SEngine\Projects\DebugProject\assets\textures\cerberus
[2023-06-20 19:16:19.193] [STULU] [trace] Loading Shaders: D:\stulu\dev\SEngine\Projects\DebugProject\assets\textures\Engine Logo
[2023-06-20 19:16:19.193] [STULU] [trace] Loading Textures: D:\stulu\dev\SEngine\Projects\DebugProject\assets
[2023-06-20 19:16:19.193] [STULU] [trace] Loading Textures: D:\stulu\dev\SEngine\Projects\DebugProject\assets\Materials
[2023-06-20 19:16:19.193] [STULU] [trace] Loading Textures: D:\stulu\dev\SEngine\Projects\DebugProject\assets\models
[2023-06-20 19:16:19.194] [STULU] [trace] Loading Textures: D:\stulu\dev\SEngine\Projects\DebugProject\assets\models\gun
[2023-06-20 19:16:19.194] [STULU] [trace] Loading Textures: D:\stulu\dev\SEngine\Projects\DebugProject\assets\models\Lightsaber
[2023-06-20 19:16:19.194] [STULU] [trace] Loading Textures: D:\stulu\dev\SEngine\Projects\DebugProject\assets\models\senna
[2023-06-20 19:16:19.195] [STULU] [trace] Loading Textures: D:\stulu\dev\SEngine\Projects\DebugProject\assets\models\sponza
[2023-06-20 19:16:19.294] [STULU] [trace] Loading Textures: D:\stulu\dev\SEngine\Projects\DebugProject\assets\models\sponza\textures_pbr
